# JRE version: OpenJDK Runtime Environment (8.0_152-b01) (build 1.8.0_152-release-1343-b01)
# Java VM: OpenJDK 64-Bit Server VM (25.152-b01 mixed mode windows-amd64 compressed oops)
Heap:
 PSYoungGen      total 273408K, used 221690K [0x00000000e0000000, 0x00000000f3880000, 0x0000000100000000)
  eden space 243712K, 84% used [0x00000000e0000000,0x00000000ec9f8ee8,0x00000000eee00000)
  from space 29696K, 50% used [0x00000000eee00000,0x00000000efc85ae0,0x00000000f0b00000)
  to   space 28672K, 0% used [0x00000000f1c80000,0x00000000f1c80000,0x00000000f3880000)
 ParOldGen       total 124416K, used 65855K [0x00000000a0000000, 0x00000000a7980000, 0x00000000e0000000)
  object space 124416K, 52% used [0x00000000a0000000,0x00000000a404fff0,0x00000000a7980000)
 Metaspace       used 87422K, capacity 91276K, committed 91416K, reserved 1128448K
  class space    used 11304K, capacity 12029K, committed 12072K, reserved 1048576K
GC Heap History (10 events):
Event: 13.276 GC heap before
{Heap before GC invocations=16 (full 3):
 PSYoungGen      total 199168K, used 180736K [0x00000000e0000000, 0x00000000ee580000, 0x0000000100000000)
  eden space 180736K, 100% used [0x00000000e0000000,0x00000000eb080000,0x00000000eb080000)
  from space 18432K, 0% used [0x00000000ec300000,0x00000000ec300000,0x00000000ed500000)
  to   space 18944K, 0% used [0x00000000eb080000,0x00000000eb080000,0x00000000ec300000)
 ParOldGen       total 124416K, used 27306K [0x00000000a0000000, 0x00000000a7980000, 0x00000000e0000000)
  object space 124416K, 21% used [0x00000000a0000000,0x00000000a1aaab00,0x00000000a7980000)
 Metaspace       used 62590K, capacity 64486K, committed 64664K, reserved 1105920K
  class space    used 8430K, capacity 8866K, committed 8872K, reserved 1048576K
Event: 13.303 GC heap after
Heap after GC invocations=16 (full 3):
 PSYoungGen      total 199680K, used 18924K [0x00000000e0000000, 0x00000000f0900000, 0x0000000100000000)
  eden space 180736K, 0% used [0x00000000e0000000,0x00000000e0000000,0x00000000eb080000)
  from space 18944K, 99% used [0x00000000eb080000,0x00000000ec2fb040,0x00000000ec300000)
  to   space 24576K, 0% used [0x00000000ef100000,0x00000000ef100000,0x00000000f0900000)
 ParOldGen       total 124416K, used 35596K [0x00000000a0000000, 0x00000000a7980000, 0x00000000e0000000)
  object space 124416K, 28% used [0x00000000a0000000,0x00000000a22c32e8,0x00000000a7980000)
 Metaspace       used 62590K, capacity 64486K, committed 64664K, reserved 1105920K
  class space    used 8430K, capacity 8866K, committed 8872K, reserved 1048576K
}
Event: 23.433 GC heap before
{Heap before GC invocations=17 (full 3):
 PSYoungGen      total 199680K, used 199660K [0x00000000e0000000, 0x00000000f0900000, 0x0000000100000000)
  eden space 180736K, 100% used [0x00000000e0000000,0x00000000eb080000,0x00000000eb080000)
  from space 18944K, 99% used [0x00000000eb080000,0x00000000ec2fb040,0x00000000ec300000)
  to   space 24576K, 0% used [0x00000000ef100000,0x00000000ef100000,0x00000000f0900000)
 ParOldGen       total 124416K, used 35596K [0x00000000a0000000, 0x00000000a7980000, 0x00000000e0000000)
  object space 124416K, 28% used [0x00000000a0000000,0x00000000a22c32e8,0x00000000a7980000)
 Metaspace       used 68622K, capacity 71016K, committed 71192K, reserved 1110016K
  class space    used 9192K, capacity 9691K, committed 9768K, reserved 1048576K
Event: 23.473 GC heap after
Heap after GC invocations=17 (full 3):
 PSYoungGen      total 232448K, used 9754K [0x00000000e0000000, 0x00000000f0100000, 0x0000000100000000)
  eden space 216064K, 0% used [0x00000000e0000000,0x00000000e0000000,0x00000000ed300000)
  from space 16384K, 59% used [0x00000000ef100000,0x00000000efa86978,0x00000000f0100000)
  to   space 23552K, 0% used [0x00000000ed300000,0x00000000ed300000,0x00000000eea00000)
 ParOldGen       total 124416K, used 49479K [0x00000000a0000000, 0x00000000a7980000, 0x00000000e0000000)
  object space 124416K, 39% used [0x00000000a0000000,0x00000000a3051ce0,0x00000000a7980000)
 Metaspace       used 68622K, capacity 71016K, committed 71192K, reserved 1110016K
  class space    used 9192K, capacity 9691K, committed 9768K, reserved 1048576K
}
Event: 905.447 GC heap before
{Heap before GC invocations=18 (full 3):
 PSYoungGen      total 232448K, used 225818K [0x00000000e0000000, 0x00000000f0100000, 0x0000000100000000)
  eden space 216064K, 100% used [0x00000000e0000000,0x00000000ed300000,0x00000000ed300000)
  from space 16384K, 59% used [0x00000000ef100000,0x00000000efa86978,0x00000000f0100000)
  to   space 23552K, 0% used [0x00000000ed300000,0x00000000ed300000,0x00000000eea00000)
 ParOldGen       total 124416K, used 49479K [0x00000000a0000000, 0x00000000a7980000, 0x00000000e0000000)
  object space 124416K, 39% used [0x00000000a0000000,0x00000000a3051ce0,0x00000000a7980000)
 Metaspace       used 71178K, capacity 73664K, committed 73880K, reserved 1114112K
  class space    used 9322K, capacity 9825K, committed 9896K, reserved 1048576K
Event: 905.467 GC heap after
Heap after GC invocations=18 (full 3):
 PSYoungGen      total 239616K, used 8898K [0x00000000e0000000, 0x00000000f2100000, 0x0000000100000000)
  eden space 216064K, 0% used [0x00000000e0000000,0x00000000e0000000,0x00000000ed300000)
  from space 23552K, 37% used [0x00000000ed300000,0x00000000edbb0b70,0x00000000eea00000)
  to   space 22528K, 0% used [0x00000000f0b00000,0x00000000f0b00000,0x00000000f2100000)
 ParOldGen       total 124416K, used 49487K [0x00000000a0000000, 0x00000000a7980000, 0x00000000e0000000)
  object space 124416K, 39% used [0x00000000a0000000,0x00000000a3053ce0,0x00000000a7980000)
 Metaspace       used 71178K, capacity 73664K, committed 73880K, reserved 1114112K
  class space    used 9322K, capacity 9825K, committed 9896K, reserved 1048576K
}
Event: 910.782 GC heap before
{Heap before GC invocations=19 (full 3):
 PSYoungGen      total 239616K, used 224962K [0x00000000e0000000, 0x00000000f2100000, 0x0000000100000000)
  eden space 216064K, 100% used [0x00000000e0000000,0x00000000ed300000,0x00000000ed300000)
  from space 23552K, 37% used [0x00000000ed300000,0x00000000edbb0b70,0x00000000eea00000)
  to   space 22528K, 0% used [0x00000000f0b00000,0x00000000f0b00000,0x00000000f2100000)
 ParOldGen       total 124416K, used 49487K [0x00000000a0000000, 0x00000000a7980000, 0x00000000e0000000)
  object space 124416K, 39% used [0x00000000a0000000,0x00000000a3053ce0,0x00000000a7980000)
 Metaspace       used 76885K, capacity 79432K, committed 79640K, reserved 1118208K
  class space    used 9960K, capacity 10507K, committed 10536K, reserved 1048576K
Event: 910.816 GC heap after
Heap after GC invocations=19 (full 3):
 PSYoungGen      total 266240K, used 22523K [0x00000000e0000000, 0x00000000f2b80000, 0x0000000100000000)
  eden space 243712K, 0% used [0x00000000e0000000,0x00000000e0000000,0x00000000eee00000)
  from space 22528K, 99% used [0x00000000f0b00000,0x00000000f20fec78,0x00000000f2100000)
  to   space 29696K, 0% used [0x00000000eee00000,0x00000000eee00000,0x00000000f0b00000)
 ParOldGen       total 124416K, used 60028K [0x00000000a0000000, 0x00000000a7980000, 0x00000000e0000000)
  object space 124416K, 48% used [0x00000000a0000000,0x00000000a3a9f128,0x00000000a7980000)
 Metaspace       used 76885K, capacity 79432K, committed 79640K, reserved 1118208K
  class space    used 9960K, capacity 10507K, committed 10536K, reserved 1048576K
}
Event: 950.795 GC heap before
{Heap before GC invocations=20 (full 3):
 PSYoungGen      total 266240K, used 266235K [0x00000000e0000000, 0x00000000f2b80000, 0x0000000100000000)
  eden space 243712K, 100% used [0x00000000e0000000,0x00000000eee00000,0x00000000eee00000)
  from space 22528K, 99% used [0x00000000f0b00000,0x00000000f20fec78,0x00000000f2100000)
  to   space 29696K, 0% used [0x00000000eee00000,0x00000000eee00000,0x00000000f0b00000)
 ParOldGen       total 124416K, used 60028K [0x00000000a0000000, 0x00000000a7980000, 0x00000000e0000000)
  object space 124416K, 48% used [0x00000000a0000000,0x00000000a3a9f128,0x00000000a7980000)
 Metaspace       used 77794K, capacity 80524K, committed 80792K, reserved 1120256K
  class space    used 10009K, capacity 10559K, committed 10664K, reserved 1048576K
Event: 950.819 GC heap after
Heap after GC invocations=20 (full 3):
 PSYoungGen      total 273408K, used 14870K [0x00000000e0000000, 0x00000000f3880000, 0x0000000100000000)
  eden space 243712K, 0% used [0x00000000e0000000,0x00000000e0000000,0x00000000eee00000)
  from space 29696K, 50% used [0x00000000eee00000,0x00000000efc85ae0,0x00000000f0b00000)
  to   space 28672K, 0% used [0x00000000f1c80000,0x00000000f1c80000,0x00000000f3880000)
 ParOldGen       total 124416K, used 65855K [0x00000000a0000000, 0x00000000a7980000, 0x00000000e0000000)
  object space 124416K, 52% used [0x00000000a0000000,0x00000000a404fff0,0x00000000a7980000)
 Metaspace       used 77794K, capacity 80524K, committed 80792K, reserved 1120256K
  class space    used 10009K, capacity 10559K, committed 10664K, reserved 1048576K
}

