# JRE version: OpenJDK Runtime Environment (8.0_152-b01) (build 1.8.0_152-release-1343-b01)
# Java VM: OpenJDK 64-Bit Server VM (25.152-b01 mixed mode windows-amd64 compressed oops)
Heap:
 PSYoungGen      total 249344K, used 186882K [0x00000000e0000000, 0x00000000f3b80000, 0x0000000100000000)
  eden space 226816K, 74% used [0x00000000e0000000,0x00000000ea4e2de8,0x00000000edd80000)
  from space 22528K, 80% used [0x00000000edd80000,0x00000000eef1da88,0x00000000ef380000)
  to   space 24064K, 0% used [0x00000000f2400000,0x00000000f2400000,0x00000000f3b80000)
 ParOldGen       total 117760K, used 46919K [0x00000000a0000000, 0x00000000a7300000, 0x00000000e0000000)
  object space 117760K, 39% used [0x00000000a0000000,0x00000000a2dd1e08,0x00000000a7300000)
 Metaspace       used 86679K, capacity 90244K, committed 90392K, reserved 1128448K
  class space    used 11286K, capacity 11997K, committed 12072K, reserved 1048576K
GC Heap History (10 events):
Event: 9.021 GC heap before
{Heap before GC invocations=14 (full 2):
 PSYoungGen      total 165376K, used 20332K [0x00000000e0000000, 0x00000000ed680000, 0x0000000100000000)
  eden space 151552K, 4% used [0x00000000e0000000,0x00000000e0661d60,0x00000000e9400000)
  from space 13824K, 99% used [0x00000000e9400000,0x00000000ea179580,0x00000000ea180000)
  to   space 18432K, 0% used [0x00000000ec480000,0x00000000ec480000,0x00000000ed680000)
 ParOldGen       total 86016K, used 27644K [0x00000000a0000000, 0x00000000a5400000, 0x00000000e0000000)
  object space 86016K, 32% used [0x00000000a0000000,0x00000000a1aff250,0x00000000a5400000)
 Metaspace       used 57594K, capacity 59020K, committed 59160K, reserved 1099776K
  class space    used 7766K, capacity 8143K, committed 8232K, reserved 1048576K
Event: 9.028 GC heap after
Heap after GC invocations=14 (full 2):
 PSYoungGen      total 200704K, used 416K [0x00000000e0000000, 0x00000000ef200000, 0x0000000100000000)
  eden space 182272K, 0% used [0x00000000e0000000,0x00000000e0000000,0x00000000eb200000)
  from space 18432K, 2% used [0x00000000ec480000,0x00000000ec4e8000,0x00000000ed680000)
  to   space 18944K, 0% used [0x00000000eb200000,0x00000000eb200000,0x00000000ec480000)
 ParOldGen       total 86016K, used 32381K [0x00000000a0000000, 0x00000000a5400000, 0x00000000e0000000)
  object space 86016K, 37% used [0x00000000a0000000,0x00000000a1f9f470,0x00000000a5400000)
 Metaspace       used 57594K, capacity 59020K, committed 59160K, reserved 1099776K
  class space    used 7766K, capacity 8143K, committed 8232K, reserved 1048576K
}
Event: 9.028 GC heap before
{Heap before GC invocations=15 (full 3):
 PSYoungGen      total 200704K, used 416K [0x00000000e0000000, 0x00000000ef200000, 0x0000000100000000)
  eden space 182272K, 0% used [0x00000000e0000000,0x00000000e0000000,0x00000000eb200000)
  from space 18432K, 2% used [0x00000000ec480000,0x00000000ec4e8000,0x00000000ed680000)
  to   space 18944K, 0% used [0x00000000eb200000,0x00000000eb200000,0x00000000ec480000)
 ParOldGen       total 86016K, used 32381K [0x00000000a0000000, 0x00000000a5400000, 0x00000000e0000000)
  object space 86016K, 37% used [0x00000000a0000000,0x00000000a1f9f470,0x00000000a5400000)
 Metaspace       used 57594K, capacity 59020K, committed 59160K, reserved 1099776K
  class space    used 7766K, capacity 8143K, committed 8232K, reserved 1048576K
Event: 9.278 GC heap after
Heap after GC invocations=15 (full 3):
 PSYoungGen      total 200704K, used 0K [0x00000000e0000000, 0x00000000ef200000, 0x0000000100000000)
  eden space 182272K, 0% used [0x00000000e0000000,0x00000000e0000000,0x00000000eb200000)
  from space 18432K, 0% used [0x00000000ec480000,0x00000000ec480000,0x00000000ed680000)
  to   space 18944K, 0% used [0x00000000eb200000,0x00000000eb200000,0x00000000ec480000)
 ParOldGen       total 117760K, used 27153K [0x00000000a0000000, 0x00000000a7300000, 0x00000000e0000000)
  object space 117760K, 23% used [0x00000000a0000000,0x00000000a1a84408,0x00000000a7300000)
 Metaspace       used 57594K, capacity 59020K, committed 59160K, reserved 1099776K
  class space    used 7766K, capacity 8143K, committed 8232K, reserved 1048576K
}
Event: 11.658 GC heap before
{Heap before GC invocations=16 (full 3):
 PSYoungGen      total 200704K, used 182272K [0x00000000e0000000, 0x00000000ef200000, 0x0000000100000000)
  eden space 182272K, 100% used [0x00000000e0000000,0x00000000eb200000,0x00000000eb200000)
  from space 18432K, 0% used [0x00000000ec480000,0x00000000ec480000,0x00000000ed680000)
  to   space 18944K, 0% used [0x00000000eb200000,0x00000000eb200000,0x00000000ec480000)
 ParOldGen       total 117760K, used 27153K [0x00000000a0000000, 0x00000000a7300000, 0x00000000e0000000)
  object space 117760K, 23% used [0x00000000a0000000,0x00000000a1a84408,0x00000000a7300000)
 Metaspace       used 62682K, capacity 64586K, committed 64664K, reserved 1105920K
  class space    used 8442K, capacity 8872K, committed 8872K, reserved 1048576K
Event: 11.680 GC heap after
Heap after GC invocations=16 (full 3):
 PSYoungGen      total 201216K, used 18920K [0x00000000e0000000, 0x00000000f1180000, 0x0000000100000000)
  eden space 182272K, 0% used [0x00000000e0000000,0x00000000e0000000,0x00000000eb200000)
  from space 18944K, 99% used [0x00000000eb200000,0x00000000ec47a070,0x00000000ec480000)
  to   space 23552K, 0% used [0x00000000efa80000,0x00000000efa80000,0x00000000f1180000)
 ParOldGen       total 117760K, used 31017K [0x00000000a0000000, 0x00000000a7300000, 0x00000000e0000000)
  object space 117760K, 26% used [0x00000000a0000000,0x00000000a1e4a4b0,0x00000000a7300000)
 Metaspace       used 62682K, capacity 64586K, committed 64664K, reserved 1105920K
  class space    used 8442K, capacity 8872K, committed 8872K, reserved 1048576K
}
Event: 15.620 GC heap before
{Heap before GC invocations=17 (full 3):
 PSYoungGen      total 201216K, used 201192K [0x00000000e0000000, 0x00000000f1180000, 0x0000000100000000)
  eden space 182272K, 100% used [0x00000000e0000000,0x00000000eb200000,0x00000000eb200000)
  from space 18944K, 99% used [0x00000000eb200000,0x00000000ec47a070,0x00000000ec480000)
  to   space 23552K, 0% used [0x00000000efa80000,0x00000000efa80000,0x00000000f1180000)
 ParOldGen       total 117760K, used 31017K [0x00000000a0000000, 0x00000000a7300000, 0x00000000e0000000)
  object space 117760K, 26% used [0x00000000a0000000,0x00000000a1e4a4b0,0x00000000a7300000)
 Metaspace       used 70419K, capacity 72594K, committed 72856K, reserved 1112064K
  class space    used 9314K, capacity 9826K, committed 9896K, reserved 1048576K
Event: 15.653 GC heap after
Heap after GC invocations=17 (full 3):
 PSYoungGen      total 242176K, used 11018K [0x00000000e0000000, 0x00000000f0980000, 0x0000000100000000)
  eden space 226816K, 0% used [0x00000000e0000000,0x00000000e0000000,0x00000000edd80000)
  from space 15360K, 71% used [0x00000000efa80000,0x00000000f0542860,0x00000000f0980000)
  to   space 22528K, 0% used [0x00000000edd80000,0x00000000edd80000,0x00000000ef380000)
 ParOldGen       total 117760K, used 46911K [0x00000000a0000000, 0x00000000a7300000, 0x00000000e0000000)
  object space 117760K, 39% used [0x00000000a0000000,0x00000000a2dcfe08,0x00000000a7300000)
 Metaspace       used 70419K, capacity 72594K, committed 72856K, reserved 1112064K
  class space    used 9314K, capacity 9826K, committed 9896K, reserved 1048576K
}
Event: 19.164 GC heap before
{Heap before GC invocations=18 (full 3):
 PSYoungGen      total 242176K, used 237834K [0x00000000e0000000, 0x00000000f0980000, 0x0000000100000000)
  eden space 226816K, 100% used [0x00000000e0000000,0x00000000edd80000,0x00000000edd80000)
  from space 15360K, 71% used [0x00000000efa80000,0x00000000f0542860,0x00000000f0980000)
  to   space 22528K, 0% used [0x00000000edd80000,0x00000000edd80000,0x00000000ef380000)
 ParOldGen       total 117760K, used 46911K [0x00000000a0000000, 0x00000000a7300000, 0x00000000e0000000)
  object space 117760K, 39% used [0x00000000a0000000,0x00000000a2dcfe08,0x00000000a7300000)
 Metaspace       used 82261K, capacity 85574K, committed 85784K, reserved 1124352K
  class space    used 10876K, capacity 11524K, committed 11560K, reserved 1048576K
Event: 19.183 GC heap after
Heap after GC invocations=18 (full 3):
 PSYoungGen      total 249344K, used 18038K [0x00000000e0000000, 0x00000000f3b80000, 0x0000000100000000)
  eden space 226816K, 0% used [0x00000000e0000000,0x00000000e0000000,0x00000000edd80000)
  from space 22528K, 80% used [0x00000000edd80000,0x00000000eef1da88,0x00000000ef380000)
  to   space 24064K, 0% used [0x00000000f2400000,0x00000000f2400000,0x00000000f3b80000)
 ParOldGen       total 117760K, used 46919K [0x00000000a0000000, 0x00000000a7300000, 0x00000000e0000000)
  object space 117760K, 39% used [0x00000000a0000000,0x00000000a2dd1e08,0x00000000a7300000)
 Metaspace       used 82261K, capacity 85574K, committed 85784K, reserved 1124352K
  class space    used 10876K, capacity 11524K, committed 11560K, reserved 1048576K
}

